main.obj : error LNK2019: símbolo externo glfwWindowShouldClose sin resolver al que se hace referencia en la función "public: bool __cdecl Window::getShouldClose(void)" (?getShouldClose@Window@@QEAA_NXZ)
main.obj : error LNK2019: símbolo externo glfwPollEvents sin resolver al que se hace referencia en la función main
main.obj : error LNK2019: símbolo externo glfwSwapBuffers sin resolver al que se hace referencia en la función "public: void __cdecl Window::swapBuffers(void)" (?swapBuffers@Window@@QEAAXXZ)
main.obj : error LNK2001: símbolo externo __imp___glewUniformMatrix4fv sin resolver
main.obj : error LNK2001: símbolo externo __imp___glewUseProgram sin resolver
Mesh.obj : error LNK2001: símbolo externo __imp___glewBindBuffer sin resolver
Mesh.obj : error LNK2001: símbolo externo __imp___glewBufferData sin resolver
Mesh.obj : error LNK2001: símbolo externo __imp___glewDeleteBuffers sin resolver
Mesh.obj : error LNK2001: símbolo externo __imp___glewGenBuffers sin resolver
Mesh.obj : error LNK2001: símbolo externo __imp___glewEnableVertexAttribArray sin resolver
Mesh.obj : error LNK2001: símbolo externo __imp___glewVertexAttribPointer sin resolver
Mesh.obj : error LNK2001: símbolo externo __imp___glewBindVertexArray sin resolver
Mesh.obj : error LNK2001: símbolo externo __imp___glewDeleteVertexArrays sin resolver
Mesh.obj : error LNK2001: símbolo externo __imp___glewGenVertexArrays sin resolver
Shader.obj : error LNK2001: símbolo externo __imp___glewAttachShader sin resolver
Shader.obj : error LNK2001: símbolo externo __imp___glewCompileShader sin resolver
Shader.obj : error LNK2001: símbolo externo __imp___glewCreateProgram sin resolver
Shader.obj : error LNK2001: símbolo externo __imp___glewCreateShader sin resolver
Shader.obj : error LNK2001: símbolo externo __imp___glewDeleteProgram sin resolver
Shader.obj : error LNK2001: símbolo externo __imp___glewGetProgramInfoLog sin resolver
Shader.obj : error LNK2001: símbolo externo __imp___glewGetProgramiv sin resolver
Shader.obj : error LNK2001: símbolo externo __imp___glewGetShaderInfoLog sin resolver
Shader.obj : error LNK2001: símbolo externo __imp___glewGetShaderiv sin resolver
Shader.obj : error LNK2001: símbolo externo __imp___glewGetUniformLocation sin resolver
Shader.obj : error LNK2001: símbolo externo __imp___glewLinkProgram sin resolver
Shader.obj : error LNK2001: símbolo externo __imp___glewShaderSource sin resolver
Shader.obj : error LNK2001: símbolo externo __imp___glewValidateProgram sin resolver
Window.obj : error LNK2019: símbolo externo __imp_glewInit sin resolver al que se hace referencia en la función "public: int __cdecl Window::Init(void)" (?Init@Window@@QEAAHXZ)
Window.obj : error LNK2019: símbolo externo glfwInit sin resolver al que se hace referencia en la función "public: int __cdecl Window::Init(void)" (?Init@Window@@QEAAHXZ)
Window.obj : error LNK2019: símbolo externo glfwTerminate sin resolver al que se hace referencia en la función "public: __cdecl Window::~Window(void)" (??1Window@@QEAA@XZ)
Window.obj : error LNK2019: símbolo externo glfwWindowHint sin resolver al que se hace referencia en la función "public: int __cdecl Window::Init(void)" (?Init@Window@@QEAAHXZ)
Window.obj : error LNK2019: símbolo externo glfwCreateWindow sin resolver al que se hace referencia en la función "public: int __cdecl Window::Init(void)" (?Init@Window@@QEAAHXZ)
Window.obj : error LNK2019: símbolo externo glfwDestroyWindow sin resolver al que se hace referencia en la función "public: __cdecl Window::~Window(void)" (??1Window@@QEAA@XZ)
Window.obj : error LNK2019: símbolo externo glfwGetFramebufferSize sin resolver al que se hace referencia en la función "public: int __cdecl Window::Init(void)" (?Init@Window@@QEAAHXZ)
Window.obj : error LNK2019: símbolo externo glfwMakeContextCurrent sin resolver al que se hace referencia en la función "public: int __cdecl Window::Init(void)" (?Init@Window@@QEAAHXZ)
Window.obj : error LNK2001: símbolo externo __imp_glewExperimental sin resolver
C:\Users\Admin\Desktop\OpenGLUdemy\\External_Libs\GLEW\lib\Release\Win32\glew32.lib : warning LNK4272: el tipo de máquina de biblioteca 'x86' está en conflicto con el tipo de máquina de destino 'x64'
C:\Users\Admin\Desktop\OpenGLUdemy\\External_Libs\GLFW\lib-vc2015\glfw3.lib : warning LNK4272: el tipo de máquina de biblioteca 'x86' está en conflicto con el tipo de máquina de destino 'x64'
C:\Users\Admin\Desktop\OpenGLUdemy\x64\Debug\OpenGLUdemy.exe : fatal error LNK1120: 36 externos sin resolver
