c:\users\antonio\desktop\repasogc2019\opengludemy\debug\vc142.pdb
c:\users\antonio\desktop\repasogc2019\opengludemy\debug\vc142.idb
c:\users\antonio\desktop\repasogc2019\opengludemy\debug\window.obj
c:\users\antonio\desktop\repasogc2019\opengludemy\debug\shader.obj
c:\users\antonio\desktop\repasogc2019\opengludemy\debug\mesh.obj
c:\users\antonio\desktop\repasogc2019\opengludemy\debug\main.obj
c:\users\antonio\desktop\repasogc2019\opengludemy\debug\imgui_widgets.obj
c:\users\antonio\desktop\repasogc2019\opengludemy\debug\imgui_impl_opengl3.obj
c:\users\antonio\desktop\repasogc2019\opengludemy\debug\imgui_impl_glfw.obj
c:\users\antonio\desktop\repasogc2019\opengludemy\debug\imgui_draw.obj
c:\users\antonio\desktop\repasogc2019\opengludemy\debug\imgui_demo.obj
c:\users\antonio\desktop\repasogc2019\opengludemy\debug\imgui.obj
c:\users\antonio\desktop\repasogc2019\debug\openglapp.exe
c:\users\antonio\desktop\repasogc2019\debug\openglapp.ilk
c:\users\antonio\desktop\repasogc2019\debug\openglapp.pdb
c:\users\antonio\desktop\repasogc2019\opengludemy\debug\vc141.idb
c:\users\antonio\desktop\repasogc2019\opengludemy\debug\vc141.pdb
c:\users\antonio\desktop\repasogc2019\opengludemy\debug\openglapp.tlog\cl.command.1.tlog
c:\users\antonio\desktop\repasogc2019\opengludemy\debug\openglapp.tlog\cl.read.1.tlog
c:\users\antonio\desktop\repasogc2019\opengludemy\debug\openglapp.tlog\cl.write.1.tlog
c:\users\antonio\desktop\repasogc2019\opengludemy\debug\openglapp.tlog\link.command.1.tlog
c:\users\antonio\desktop\repasogc2019\opengludemy\debug\openglapp.tlog\link.read.1.tlog
c:\users\antonio\desktop\repasogc2019\opengludemy\debug\openglapp.tlog\link.write.1.tlog
